2025-11-27T04:35:58.419137807Z    _____                               
2025-11-27T04:35:58.419703211Z   /  _  \ __________ _________   ____  
2025-11-27T04:35:58.419708611Z  /  /_\  \\___   /  |  \_  __ \_/ __ \ 
2025-11-27T04:35:58.419711611Z /    |    \/    /|  |  /|  | \/\  ___/ 
2025-11-27T04:35:58.419714311Z \____|__  /_____ \____/ |__|    \___  >
2025-11-27T04:35:58.419717111Z         \/      \/                  \/ 
2025-11-27T04:35:58.419720411Z A P P   S E R V I C E   O N   L I N U X
2025-11-27T04:35:58.419722911Z 
2025-11-27T04:35:58.419725211Z Documentation    : http://aka.ms/webapp-linux
2025-11-27T04:35:58.419727611Z NodeJS quickstart: https://aka.ms/node-qs
2025-11-27T04:35:58.419730111Z NodeJS Version   : v20.19.5
2025-11-27T04:35:58.419732511Z Instance Name    : lw1sdlwk000F1P
2025-11-27T04:35:58.419735011Z Instance Id      : 7caa93e98d188562c739dc8d129fad057ca3db3f533cd1e100b434c1f214969d
2025-11-27T04:35:58.419737611Z 
2025-11-27T04:35:58.419739911Z Note: Any data outside '/home' is not persisted
2025-11-27T04:36:04.474747691Z Starting OpenBSD Secure Shell server: sshd.
2025-11-27T04:36:04.554023519Z WEBSITES_INCLUDE_CLOUD_CERTS is not set to true.
2025-11-27T04:36:04.755575959Z Updating certificates in /etc/ssl/certs...
2025-11-27T04:36:35.448734636Z rehash: warning: skipping duplicate certificate in azl_SSL.com_TLS_ECC_Root_CA_2022.pem
2025-11-27T04:36:35.450177244Z rehash: warning: skipping duplicate certificate in azl_SSL.com_TLS_RSA_Root_CA_2022.pem
2025-11-27T04:36:36.137536357Z rehash: warning: skipping ca-certificates.crt,it does not contain exactly one certificate or CRL
2025-11-27T04:36:36.252274694Z 4 added, 0 removed; done.
2025-11-27T04:36:36.253847202Z Running hooks in /etc/ca-certificates/update.d...
2025-11-27T04:36:36.292734518Z done.
2025-11-27T04:36:36.436443515Z CA certificates copied and updated successfully.
2025-11-27T04:36:37.191374536Z Starting periodic command scheduler: cron.
2025-11-27T04:36:37.831616998Z Could not find build manifest file at '/home/site/wwwroot/oryx-manifest.toml'
2025-11-27T04:36:37.833274108Z Could not find operation ID in manifest. Generating an operation id...
2025-11-27T04:36:37.833290108Z Build Operation ID: ab70b428-fc8d-4e70-88a6-8506e0444ee8
2025-11-27T04:36:39.140159700Z Environment Variables for Application Insight's IPA Codeless Configuration exists..
2025-11-27T04:36:39.388134173Z Writing output script to '/opt/startup/startup.sh'
2025-11-27T04:36:39.632333323Z Running #!/bin/sh
2025-11-27T04:36:39.632364523Z 
2025-11-27T04:36:39.632368923Z # Enter the source directory to make sure the script runs where the user expects
2025-11-27T04:36:39.632373123Z cd "/home/site/wwwroot"
2025-11-27T04:36:39.632376523Z 
2025-11-27T04:36:39.632410923Z export NODE_PATH=/usr/local/lib/node_modules:$NODE_PATH
2025-11-27T04:36:39.632414323Z if [ -z "$PORT" ]; then
2025-11-27T04:36:39.632417023Z 		export PORT=8080
2025-11-27T04:36:39.632419923Z fi
2025-11-27T04:36:39.632422423Z 
2025-11-27T04:36:39.632424723Z npm start
2025-11-27T04:36:43.089330056Z npm info using npm@10.9.2
2025-11-27T04:36:43.096645402Z npm info using node@v20.19.5
2025-11-27T04:36:48.471511175Z 
2025-11-27T04:36:48.471549775Z > frontend-app@0.1.0 start
2025-11-27T04:36:48.471555375Z > next start
2025-11-27T04:36:48.471559275Z 
2025-11-27T04:36:48.568380737Z sh: 1: next: not found

2025-11-27T04:37:06.190529417Z    _____                               
2025-11-27T04:37:06.190598117Z   /  _  \ __________ _________   ____  
2025-11-27T04:37:06.190603517Z  /  /_\  \\___   /  |  \_  __ \_/ __ \ 
2025-11-27T04:37:06.190606717Z /    |    \/    /|  |  /|  | \/\  ___/ 
2025-11-27T04:37:06.190609417Z \____|__  /_____ \____/ |__|    \___  >
2025-11-27T04:37:06.190618217Z         \/      \/                  \/ 
2025-11-27T04:37:06.190620917Z A P P   S E R V I C E   O N   L I N U X
2025-11-27T04:37:06.190623417Z 
2025-11-27T04:37:06.190625817Z Documentation    : http://aka.ms/webapp-linux
2025-11-27T04:37:06.190628317Z NodeJS quickstart: https://aka.ms/node-qs
2025-11-27T04:37:06.190630917Z NodeJS Version   : v20.19.5
2025-11-27T04:37:06.190633417Z Instance Name    : lw1sdlwk000F1P
2025-11-27T04:37:06.190635917Z Instance Id      : 7caa93e98d188562c739dc8d129fad057ca3db3f533cd1e100b434c1f214969d
2025-11-27T04:37:06.190638617Z 
2025-11-27T04:37:06.190640917Z Note: Any data outside '/home' is not persisted
2025-11-27T04:37:32.795722461Z Starting OpenBSD Secure Shell server: sshd.
2025-11-27T04:37:32.923838695Z WEBSITES_INCLUDE_CLOUD_CERTS is not set to true.
2025-11-27T04:37:33.086714181Z Updating certificates in /etc/ssl/certs...
2025-11-27T04:38:20.039627244Z rehash: warning: skipping duplicate certificate in azl_SSL.com_TLS_ECC_Root_CA_2022.pem
2025-11-27T04:38:20.052093111Z rehash: warning: skipping duplicate certificate in azl_SSL.com_TLS_RSA_Root_CA_2022.pem
2025-11-27T04:38:20.878791215Z rehash: warning: skipping ca-certificates.crt,it does not contain exactly one certificate or CRL
2025-11-27T04:38:21.014848839Z 4 added, 0 removed; done.
2025-11-27T04:38:21.022852482Z Running hooks in /etc/ca-certificates/update.d...
2025-11-27T04:38:21.033953241Z done.
2025-11-27T04:38:21.071081039Z CA certificates copied and updated successfully.
2025-11-27T04:38:21.620399965Z Starting periodic command scheduler: cron.
2025-11-27T04:38:22.430707412Z Could not find build manifest file at '/home/site/wwwroot/oryx-manifest.toml'
2025-11-27T04:38:22.430744412Z Could not find operation ID in manifest. Generating an operation id...
2025-11-27T04:38:22.430749712Z Build Operation ID: a214952c-803b-4814-bcbb-cae8ff685897
2025-11-27T04:38:22.974781138Z Environment Variables for Application Insight's IPA Codeless Configuration exists..
2025-11-27T04:38:22.997009453Z Writing output script to '/opt/startup/startup.sh'
2025-11-27T04:38:23.080365486Z Running #!/bin/sh
2025-11-27T04:38:23.080420887Z 
2025-11-27T04:38:23.080426187Z # Enter the source directory to make sure the script runs where the user expects
2025-11-27T04:38:23.080430487Z cd "/home/site/wwwroot"
2025-11-27T04:38:23.080434587Z 
2025-11-27T04:38:23.080469487Z export NODE_PATH=/usr/local/lib/node_modules:$NODE_PATH
2025-11-27T04:38:23.080473287Z if [ -z "$PORT" ]; then
2025-11-27T04:38:23.080476087Z 		export PORT=8080
2025-11-27T04:38:23.080479087Z fi
2025-11-27T04:38:23.080481587Z 
2025-11-27T04:38:23.156922284Z npm start
2025-11-27T04:38:25.224065420Z npm info using npm@10.9.2
2025-11-27T04:38:25.258946101Z npm info using node@v20.19.5
2025-11-27T04:38:32.589761309Z 
2025-11-27T04:38:32.589806209Z > frontend-app@0.1.0 start
2025-11-27T04:38:32.589812109Z > next start
2025-11-27T04:38:32.589815909Z 
2025-11-27T04:38:32.728179992Z sh: 1: next: not found
2025-11-27T04:38:33.642537509Z npm http fetch GET 200 https://registry.npmjs.org/npm 2527ms
2025-11-27T04:38:34.161858975Z npm notice
2025-11-27T04:38:34.161885375Z npm notice New major version of npm available! 10.9.2 -> 11.6.4
2025-11-27T04:38:34.161890575Z npm notice Changelog: https://github.com/npm/cli/releases/tag/v11.6.4
2025-11-27T04:38:34.161894375Z npm notice To update run: npm install -g npm@11.6.4
2025-11-27T04:38:34.161898075Z npm notice

2025-11-27T04:39:47.438134603Z    _____                               
2025-11-27T04:39:47.438866807Z   /  _  \ __________ _________   ____  
2025-11-27T04:39:47.438872507Z  /  /_\  \\___   /  |  \_  __ \_/ __ \ 
2025-11-27T04:39:47.438875607Z /    |    \/    /|  |  /|  | \/\  ___/ 
2025-11-27T04:39:47.438878607Z \____|__  /_____ \____/ |__|    \___  >
2025-11-27T04:39:47.438881907Z         \/      \/                  \/ 
2025-11-27T04:39:47.438884607Z A P P   S E R V I C E   O N   L I N U X
2025-11-27T04:39:47.438887207Z 
2025-11-27T04:39:47.438889707Z Documentation    : http://aka.ms/webapp-linux
2025-11-27T04:39:47.438892307Z NodeJS quickstart: https://aka.ms/node-qs
2025-11-27T04:39:47.438894807Z NodeJS Version   : v20.19.5
2025-11-27T04:39:47.438897507Z Instance Name    : lw1sdlwk000F1P
2025-11-27T04:39:47.438900107Z Instance Id      : 7caa93e98d188562c739dc8d129fad057ca3db3f533cd1e100b434c1f214969d
2025-11-27T04:39:47.438902807Z 
2025-11-27T04:39:47.438905207Z Note: Any data outside '/home' is not persisted
2025-11-27T04:39:51.657665871Z Starting OpenBSD Secure Shell server: sshd.
2025-11-27T04:39:51.686811908Z WEBSITES_INCLUDE_CLOUD_CERTS is not set to true.
2025-11-27T04:39:51.735917939Z Updating certificates in /etc/ssl/certs...
2025-11-27T04:40:21.791447668Z rehash: warning: skipping duplicate certificate in azl_SSL.com_TLS_ECC_Root_CA_2022.pem
2025-11-27T04:40:21.808819645Z rehash: warning: skipping duplicate certificate in azl_SSL.com_TLS_RSA_Root_CA_2022.pem
2025-11-27T04:40:23.063520064Z rehash: warning: skipping ca-certificates.crt,it does not contain exactly one certificate or CRL
2025-11-27T04:40:23.230541010Z 4 added, 0 removed; done.
2025-11-27T04:40:23.231254913Z Running hooks in /etc/ca-certificates/update.d...
2025-11-27T04:40:23.274259106Z done.
2025-11-27T04:40:23.331306361Z CA certificates copied and updated successfully.
2025-11-27T04:40:23.714584974Z Starting periodic command scheduler: cron.
2025-11-27T04:40:24.062033427Z Could not find build manifest file at '/home/site/wwwroot/oryx-manifest.toml'
2025-11-27T04:40:24.068341555Z Could not find operation ID in manifest. Generating an operation id...
2025-11-27T04:40:24.068357855Z Build Operation ID: adb16bdb-7334-482a-99b7-9445c423e15e
2025-11-27T04:40:24.953230610Z Environment Variables for Application Insight's IPA Codeless Configuration exists..
2025-11-27T04:40:24.962372951Z Writing output script to '/opt/startup/startup.sh'
2025-11-27T04:40:25.332822907Z Running #!/bin/sh
2025-11-27T04:40:25.332908707Z 
2025-11-27T04:40:25.332913507Z # Enter the source directory to make sure the script runs where the user expects
2025-11-27T04:40:25.332917807Z cd "/home/site/wwwroot"
2025-11-27T04:40:25.332921707Z 
2025-11-27T04:40:25.332938107Z export NODE_PATH=/usr/local/lib/node_modules:$NODE_PATH
2025-11-27T04:40:25.332941807Z if [ -z "$PORT" ]; then
2025-11-27T04:40:25.332944508Z 		export PORT=8080
2025-11-27T04:40:25.332947208Z fi
2025-11-27T04:40:25.332949508Z 
2025-11-27T04:40:25.496358638Z npm start
2025-11-27T04:40:27.679315895Z npm info using npm@10.9.2
2025-11-27T04:40:27.705941614Z npm info using node@v20.19.5
2025-11-27T04:40:33.775937135Z 
2025-11-27T04:40:33.776016635Z > frontend-app@0.1.0 start
2025-11-27T04:40:33.776025635Z > next start
2025-11-27T04:40:33.776029335Z 
2025-11-27T04:40:33.907564522Z sh: 1: next: not found

2025-11-27T04:40:48.460328506Z    _____                               
2025-11-27T04:40:48.460380506Z   /  _  \ __________ _________   ____  
2025-11-27T04:40:48.460385406Z  /  /_\  \\___   /  |  \_  __ \_/ __ \ 
2025-11-27T04:40:48.460388106Z /    |    \/    /|  |  /|  | \/\  ___/ 
2025-11-27T04:40:48.460390906Z \____|__  /_____ \____/ |__|    \___  >
2025-11-27T04:40:48.460393606Z         \/      \/                  \/ 
2025-11-27T04:40:48.460396106Z A P P   S E R V I C E   O N   L I N U X
2025-11-27T04:40:48.460398406Z 
2025-11-27T04:40:48.460400606Z Documentation    : http://aka.ms/webapp-linux
2025-11-27T04:40:48.460402906Z NodeJS quickstart: https://aka.ms/node-qs
2025-11-27T04:40:48.460405206Z NodeJS Version   : v20.19.5
2025-11-27T04:40:48.460407406Z Instance Name    : lw1sdlwk000F1P
2025-11-27T04:40:48.460409906Z Instance Id      : 7caa93e98d188562c739dc8d129fad057ca3db3f533cd1e100b434c1f214969d
2025-11-27T04:40:48.460412306Z 
2025-11-27T04:40:48.460414506Z Note: Any data outside '/home' is not persisted
2025-11-27T04:40:52.596250773Z Starting OpenBSD Secure Shell server: sshd.
2025-11-27T04:40:52.623896896Z WEBSITES_INCLUDE_CLOUD_CERTS is not set to true.
2025-11-27T04:40:52.694056710Z Updating certificates in /etc/ssl/certs...
2025-11-27T04:41:22.339706977Z rehash: warning: skipping duplicate certificate in azl_SSL.com_TLS_ECC_Root_CA_2022.pem
2025-11-27T04:41:22.340761181Z rehash: warning: skipping duplicate certificate in azl_SSL.com_TLS_RSA_Root_CA_2022.pem
2025-11-27T04:41:22.793110501Z rehash: warning: skipping ca-certificates.crt,it does not contain exactly one certificate or CRL
2025-11-27T04:41:23.033670275Z 4 added, 0 removed; done.
2025-11-27T04:41:23.033701775Z Running hooks in /etc/ca-certificates/update.d...
2025-11-27T04:41:23.058391085Z done.
2025-11-27T04:41:23.208234354Z CA certificates copied and updated successfully.
2025-11-27T04:41:24.136971101Z Starting periodic command scheduler: cron.
2025-11-27T04:41:25.474550873Z Could not find build manifest file at '/home/site/wwwroot/oryx-manifest.toml'
2025-11-27T04:41:25.474605973Z Could not find operation ID in manifest. Generating an operation id...
2025-11-27T04:41:25.474610973Z Build Operation ID: 26c5b786-82ed-435c-805c-96c1071e3080
2025-11-27T04:41:26.281669776Z Environment Variables for Application Insight's IPA Codeless Configuration exists..
2025-11-27T04:41:26.300041258Z Writing output script to '/opt/startup/startup.sh'
2025-11-27T04:41:26.379249312Z Running #!/bin/sh
2025-11-27T04:41:26.379286212Z 
2025-11-27T04:41:26.379291012Z # Enter the source directory to make sure the script runs where the user expects
2025-11-27T04:41:26.379295412Z cd "/home/site/wwwroot"
2025-11-27T04:41:26.379299112Z 
2025-11-27T04:41:26.379326012Z export NODE_PATH=/usr/local/lib/node_modules:$NODE_PATH
2025-11-27T04:41:26.379330312Z if [ -z "$PORT" ]; then
2025-11-27T04:41:26.379333412Z 		export PORT=8080
2025-11-27T04:41:26.379336312Z fi
2025-11-27T04:41:26.379338712Z 
2025-11-27T04:41:26.572130873Z npm start
2025-11-27T04:41:30.927415799Z npm info using npm@10.9.2
2025-11-27T04:41:30.945610280Z npm info using node@v20.19.5
2025-11-27T04:41:40.761230372Z 
2025-11-27T04:41:40.764522786Z > frontend-app@0.1.0 start
2025-11-27T04:41:40.816620814Z > next start
2025-11-27T04:41:40.816626514Z 
2025-11-27T04:41:40.952340106Z sh: 1: next: not found
2025-11-27T04:41:41.281962646Z npm http fetch GET 200 https://registry.npmjs.org/npm 1699ms
2025-11-27T04:41:41.737866538Z npm notice
2025-11-27T04:41:41.737893938Z npm notice New major version of npm available! 10.9.2 -> 11.6.4
2025-11-27T04:41:41.737899238Z npm notice Changelog: https://github.com/npm/cli/releases/tag/v11.6.4
2025-11-27T04:41:41.737903138Z npm notice To update run: npm install -g npm@11.6.4
2025-11-27T04:41:41.737907138Z npm notice

