2025-11-27T04:28:26.5021071Z,Updating submodules.,ebd2bdca-9a83-4723-a7f3-cc0ae20cd294,0
2025-11-27T04:28:27.6008556Z,Preparing deployment for commit id 'ed5e24a7-4'.,98248ec7-3a9c-40e5-a4ba-de195dd07ae0,0
2025-11-27T04:28:27.9646942Z,PreDeployment: context.CleanOutputPath False,b508d76a-5b04-458c-a14f-1144123285a5,0
2025-11-27T04:28:28.1168103Z,PreDeployment: context.OutputPath /home/site/wwwroot,d1fec208-ec1e-46bf-9cd2-52864d77d2a5,0
2025-11-27T04:28:28.2691048Z,Running build. Project type: OneDeploy,d5c40877-c014-4d3a-9f78-d344f2d688bf,0
2025-11-27T04:28:28.3974159Z,Copying the manifest,e305276b-9a67-4104-a2ab-f768f310fa18,0
2025-11-27T04:28:28.5900250Z,Running deployment command...,45a5f798-0b9f-42cd-8407-28d6afac89c6,0
	2025-11-27T04:28:28.6024028Z,Command: /opt/Kudu/Scripts/parallel_rsync.sh /tmp/zipdeploy/extracted /home/site/wwwroot 8 /tmp/ False False  ,,0
	2025-11-27T04:28:28.7080951Z,Run rsync from: /tmp/zipdeploy/extracted/ to: /home/site/wwwroot/ in 8 parallel threads,,0
	2025-11-27T04:28:28.7544443Z,Delete options: clean=False&comma; use manifest=False&comma; directory to ignore=,,0
	2025-11-27T04:28:28.8309324Z,Prev manifest = /home/site/deployments/0aa796f6-f564-4408-b93f-8b2d1f67b355/manifest and next /home/site/deployments/ed5e24a7-42a7-4efb-a7b9-58d9ffdd659d/manifest,,0
	2025-11-27T04:28:28.8975352Z,Cleaning up /tmp//filelist.txt and /tmp//splits,,0
	2025-11-27T04:28:29.0253124Z,Creating a list of all files at /tmp//filelist.txt,,0
	2025-11-27T04:28:29.2464203Z,No directory to exclude.,,0
	2025-11-27T04:28:29.6337337Z,Created /tmp//filelist.txt. Total number of files to be synced = 119.,,0
	2025-11-27T04:28:29.8232598Z,Created batches from the list of files. Processing 15 files in each thread,,0
	2025-11-27T04:28:29.8633058Z,Running rsync for filelist /tmp//splits/split.aa from /tmp/zipdeploy/extracted/ to /home/site/wwwroot/,,0
	2025-11-27T04:28:29.9041133Z,Running rsync for filelist /tmp//splits/split.ad from /tmp/zipdeploy/extracted/ to /home/site/wwwroot/,,0
	2025-11-27T04:28:29.9292251Z,Running rsync for filelist /tmp//splits/split.ac from /tmp/zipdeploy/extracted/ to /home/site/wwwroot/,,0
	2025-11-27T04:28:29.9614150Z,Running rsync for filelist /tmp//splits/split.ab from /tmp/zipdeploy/extracted/ to /home/site/wwwroot/,,0
	2025-11-27T04:28:29.9807016Z,Running rsync for filelist /tmp//splits/split.af from /tmp/zipdeploy/extracted/ to /home/site/wwwroot/,,0
	2025-11-27T04:28:29.9934205Z,Running rsync for filelist /tmp//splits/split.ah from /tmp/zipdeploy/extracted/ to /home/site/wwwroot/,,0
	2025-11-27T04:28:30.0077799Z,Running rsync for filelist /tmp//splits/split.ae from /tmp/zipdeploy/extracted/ to /home/site/wwwroot/,,0
	2025-11-27T04:28:30.0380325Z,Running rsync for filelist /tmp//splits/split.ag from /tmp/zipdeploy/extracted/ to /home/site/wwwroot/,,0
	2025-11-27T04:28:30.0962023Z,,,0
	2025-11-27T04:28:30.1456396Z,Number of files: 15 (reg: 15),,0
	2025-11-27T04:28:30.1827724Z,Number of created files: 0,,0
	2025-11-27T04:28:30.2220042Z,Number of deleted files: 0,,0
	2025-11-27T04:28:30.2593045Z,Number of regular files transferred: 0,,0
	2025-11-27T04:28:30.3086407Z,Total file size: 7.51M bytes,,0
	2025-11-27T04:28:30.3297020Z,Total transferred file size: 0 bytes,,0
	2025-11-27T04:28:30.3680611Z,Literal data: 0 bytes,,0
	2025-11-27T04:28:30.4054930Z,Matched data: 0 bytes,,0
	2025-11-27T04:28:30.4639210Z,File list size: 0,,0
	2025-11-27T04:28:30.5001419Z,File list generation time: 0.018 seconds,,0
	2025-11-27T04:28:30.5937087Z,File list transfer time: 0.000 seconds,,0
	2025-11-27T04:28:30.7482199Z,Total bytes sent: 708,,0
	2025-11-27T04:28:30.7800927Z,Total bytes received: 61,,0
	2025-11-27T04:28:30.8093362Z,,,0
	2025-11-27T04:28:30.8738890Z,sent 708 bytes  received 61 bytes  1.54K bytes/sec,,0
	2025-11-27T04:28:30.9243931Z,total size is 7.51M  speedup is 9&comma;762.90,,0
	2025-11-27T04:28:30.9532221Z,,,0
	2025-11-27T04:28:31.0016260Z,Number of files: 15 (reg: 15),,0
	2025-11-27T04:28:31.0385328Z,Number of created files: 0,,0
	2025-11-27T04:28:31.0793820Z,Number of deleted files: 0,,0
	2025-11-27T04:28:31.1481195Z,Number of regular files transferred: 0,,0
	2025-11-27T04:28:31.1849477Z,Total file size: 3.78M bytes,,0
	2025-11-27T04:28:31.2240553Z,Total transferred file size: 0 bytes,,0
	2025-11-27T04:28:31.2545478Z,Literal data: 0 bytes,,0
	2025-11-27T04:28:31.3417314Z,Matched data: 0 bytes,,0
	2025-11-27T04:28:31.3896682Z,File list size: 0,,0
	2025-11-27T04:28:31.4556799Z,File list generation time: 0.010 seconds,,0
	2025-11-27T04:28:31.5006678Z,File list transfer time: 0.000 seconds,,0
	2025-11-27T04:28:31.5430677Z,Total bytes sent: 675,,0
	2025-11-27T04:28:31.5719612Z,Total bytes received: 61,,0
	2025-11-27T04:28:31.6196308Z,,,0
	2025-11-27T04:28:31.6605509Z,sent 675 bytes  received 61 bytes  1.47K bytes/sec,,0
	2025-11-27T04:28:31.6895144Z,total size is 3.78M  speedup is 5&comma;137.18,,0
	2025-11-27T04:28:31.7367995Z,Attempt 1: Rsync for filelist /tmp//splits/split.aa completed with exit code 0,,0
	2025-11-27T04:28:31.7649882Z,Attempt 1: Rsync for filelist /tmp//splits/split.ac completed with exit code 0,,0
	2025-11-27T04:28:31.7938793Z,,,0
	2025-11-27T04:28:31.8629817Z,Number of files: 14 (reg: 14),,0
	2025-11-27T04:28:31.9199666Z,Number of created files: 0,,0
	2025-11-27T04:28:31.9670523Z,Number of deleted files: 0,,0
	2025-11-27T04:28:31.9980686Z,Number of regular files transferred: 0,,0
	2025-11-27T04:28:32.0647884Z,Total file size: 10.72M bytes,,0
	2025-11-27T04:28:32.0951297Z,Total transferred file size: 0 bytes,,0
	2025-11-27T04:28:32.1425883Z,Literal data: 0 bytes,,0
	2025-11-27T04:28:32.2008115Z,Matched data: 0 bytes,,0
	2025-11-27T04:28:32.2277624Z,File list size: 0,,0
	2025-11-27T04:28:32.2547939Z,File list generation time: 0.008 seconds,,0
	2025-11-27T04:28:32.2862687Z,,,0
	2025-11-27T04:28:32.3237541Z,Number of files: 15 (reg: 15),,0
	2025-11-27T04:28:32.3721619Z,Number of created files: 0,,0
	2025-11-27T04:28:32.4412461Z,Number of deleted files: 0,,0
	2025-11-27T04:28:32.4689099Z,Number of regular files transferred: 0,,0
	2025-11-27T04:28:32.5170863Z,Total file size: 2.86M bytes,,0
	2025-11-27T04:28:32.5750683Z,Total transferred file size: 0 bytes,,0
	2025-11-27T04:28:32.6138933Z,Literal data: 0 bytes,,0
	2025-11-27T04:28:32.6335459Z,Matched data: 0 bytes,,0
	2025-11-27T04:28:32.6889671Z,File list size: 0,,0
	2025-11-27T04:28:32.7477655Z,File list generation time: 0.017 seconds,,0
	2025-11-27T04:28:32.7972992Z,File list transfer time: 0.000 seconds,,0
	2025-11-27T04:28:32.8558296Z,Total bytes sent: 708,,0
	2025-11-27T04:28:32.8944819Z,Total bytes received: 61,,0
	2025-11-27T04:28:32.9400272Z,,,0
	2025-11-27T04:28:32.9798820Z,sent 708 bytes  received 61 bytes  1.54K bytes/sec,,0
	2025-11-27T04:28:33.0377248Z,total size is 2.86M  speedup is 3&comma;716.88,,0
	2025-11-27T04:28:33.0779516Z,Attempt 1: Rsync for filelist /tmp//splits/split.ag completed with exit code 0,,0
	2025-11-27T04:28:33.0979433Z,File list transfer time: 0.000 seconds,,0
	2025-11-27T04:28:33.1354999Z,Total bytes sent: 597,,0
	2025-11-27T04:28:33.1830486Z,Total bytes received: 58,,0
	2025-11-27T04:28:33.2213668Z,,,0
	2025-11-27T04:28:33.2660923Z,sent 597 bytes  received 58 bytes  1.31K bytes/sec,,0
	2025-11-27T04:28:33.2951077Z,total size is 10.72M  speedup is 16&comma;370.69,,0
	2025-11-27T04:28:33.4221620Z,Attempt 1: Rsync for filelist /tmp//splits/split.ah completed with exit code 0,,0
	2025-11-27T04:28:33.4526057Z,,,0
	2025-11-27T04:28:33.4810515Z,Number of files: 21 (reg: 15&comma; dir: 6),,0
	2025-11-27T04:28:33.5679507Z,Number of created files: 0,,0
	2025-11-27T04:28:33.5960365Z,Number of deleted files: 0,,0
	2025-11-27T04:28:33.6371997Z,Number of regular files transferred: 0,,0
	2025-11-27T04:28:33.6966472Z,Total file size: 3.42M bytes,,0
	2025-11-27T04:28:33.7449141Z,Total transferred file size: 0 bytes,,0
	2025-11-27T04:28:33.8114007Z,Literal data: 0 bytes,,0
	2025-11-27T04:28:33.8609321Z,Matched data: 0 bytes,,0
	2025-11-27T04:28:33.9002617Z,File list size: 0,,0
	2025-11-27T04:28:33.9690802Z,File list generation time: 0.046 seconds,,0
	2025-11-27T04:28:34.0062037Z,File list transfer time: 0.000 seconds,,0
	2025-11-27T04:28:34.0431743Z,Total bytes sent: 869,,0
	2025-11-27T04:28:34.0755327Z,Total bytes received: 79,,0
	2025-11-27T04:28:34.1125078Z,,,0
	2025-11-27T04:28:34.1708956Z,sent 869 bytes  received 79 bytes  1.90K bytes/sec,,0
	2025-11-27T04:28:34.2270048Z,total size is 3.42M  speedup is 3&comma;607.77,,0
	2025-11-27T04:28:34.2568005Z,Attempt 1: Rsync for filelist /tmp//splits/split.af completed with exit code 0,,0
	2025-11-27T04:28:34.2829881Z,,,0
	2025-11-27T04:28:34.2905984Z,Number of files: 40 (reg: 15&comma; dir: 25),,0
	2025-11-27T04:28:34.2981923Z,Number of created files: 0,,0
	2025-11-27T04:28:34.3050360Z,Number of deleted files: 0,,0
	2025-11-27T04:28:34.3154437Z,Number of regular files transferred: 0,,0
	2025-11-27T04:28:34.3543241Z,Total file size: 13.40M bytes,,0
	2025-11-27T04:28:34.4123019Z,Total transferred file size: 0 bytes,,0
	2025-11-27T04:28:34.4587682Z,Literal data: 0 bytes,,0
	2025-11-27T04:28:34.4800743Z,Matched data: 0 bytes,,0
	2025-11-27T04:28:34.5541058Z,File list size: 0,,0
	2025-11-27T04:28:34.5751717Z,File list generation time: 0.086 seconds,,0
	2025-11-27T04:28:34.6057284Z,File list transfer time: 0.000 seconds,,0
	2025-11-27T04:28:34.6408068Z,Total bytes sent: 1.28K,,0
	2025-11-27T04:28:34.6486822Z,Total bytes received: 136,,0
	2025-11-27T04:28:34.6565673Z,,,0
	2025-11-27T04:28:34.6655006Z,sent 1.28K bytes  received 136 bytes  2.84K bytes/sec,,0
	2025-11-27T04:28:34.6736819Z,total size is 13.40M  speedup is 9&comma;429.83,,0
	2025-11-27T04:28:34.6830539Z,Attempt 1: Rsync for filelist /tmp//splits/split.ae completed with exit code 0,,0
	2025-11-27T04:28:34.6934137Z,,,0
	2025-11-27T04:28:34.7040995Z,Number of files: 40 (reg: 15&comma; dir: 25),,0
	2025-11-27T04:28:34.7304753Z,Number of created files: 0,,0
	2025-11-27T04:28:34.7887151Z,Number of deleted files: 0,,0
	2025-11-27T04:28:34.8093147Z,Number of regular files transferred: 0,,0
	2025-11-27T04:28:34.8384117Z,Total file size: 16.04M bytes,,0
	2025-11-27T04:28:34.8517836Z,Total transferred file size: 0 bytes,,0
	2025-11-27T04:28:34.8600877Z,Literal data: 0 bytes,,0
	2025-11-27T04:28:34.8684158Z,Matched data: 0 bytes,,0
	2025-11-27T04:28:34.8760934Z,File list size: 0,,0
	2025-11-27T04:28:34.8905571Z,File list generation time: 0.058 seconds,,0
	2025-11-27T04:28:34.8981645Z,File list transfer time: 0.000 seconds,,0
	2025-11-27T04:28:34.9059945Z,Total bytes sent: 1.29K,,0
	2025-11-27T04:28:34.9268618Z,Total bytes received: 136,,0
	2025-11-27T04:28:34.9414045Z,,,0
	2025-11-27T04:28:34.9484976Z,sent 1.29K bytes  received 136 bytes  2.86K bytes/sec,,0
	2025-11-27T04:28:34.9566150Z,total size is 16.04M  speedup is 11&comma;215.85,,0
	2025-11-27T04:28:34.9651718Z,Attempt 1: Rsync for filelist /tmp//splits/split.ad completed with exit code 0,,0
	2025-11-27T04:28:34.9735296Z,,,0
	2025-11-27T04:28:34.9865291Z,Number of files: 15 (reg: 15),,0
	2025-11-27T04:28:34.9927198Z,Number of created files: 0,,0
	2025-11-27T04:28:34.9987709Z,Number of deleted files: 0,,0
	2025-11-27T04:28:35.0058172Z,Number of regular files transferred: 1,,0
	2025-11-27T04:28:35.0216186Z,Total file size: 2.48M bytes,,0
	2025-11-27T04:28:35.0363208Z,Total transferred file size: 488 bytes,,0
	2025-11-27T04:28:35.0445775Z,Literal data: 488 bytes,,0
	2025-11-27T04:28:35.0529353Z,Matched data: 0 bytes,,0
	2025-11-27T04:28:35.0636567Z,File list size: 0,,0
	2025-11-27T04:28:35.0719400Z,File list generation time: 0.009 seconds,,0
	2025-11-27T04:28:35.0805927Z,File list transfer time: 0.000 seconds,,0
	2025-11-27T04:28:35.0869633Z,Total bytes sent: 1.09K,,0
	2025-11-27T04:28:35.0946531Z,Total bytes received: 77,,0
	2025-11-27T04:28:35.1040288Z,,,0
	2025-11-27T04:28:35.1200706Z,sent 1.09K bytes  received 77 bytes  2.34K bytes/sec,,0
	2025-11-27T04:28:35.1376942Z,total size is 2.48M  speedup is 2&comma;117.44,,0
	2025-11-27T04:28:35.1516493Z,Attempt 1: Rsync for filelist /tmp//splits/split.ab completed with exit code 0,,0
	2025-11-27T04:28:35.1603558Z,Completed successfully in 2 seconds,,0
2025-11-27T04:28:35.2745737Z,Build completed succesfully.,a84cbc72-e74a-45df-832c-18b5bf797c25,0
2025-11-27T04:28:35.3949710Z,Running post deployment command(s)...,3cc24a6f-72f0-4b9a-adc5-8dabf4abf1c9,0
2025-11-27T04:28:35.5335630Z,Triggering container recycle for OneDeploy by adding/updating restartTrigger.txt to the site root path,afb6ac60-c8dc-4bf6-aad7-a41ffe173c59,0
2025-11-27T04:28:35.7330608Z,Deployment successful. deployer = OneDeploy deploymentPath = OneDeploy,c235b6aa-af25-4baa-a25a-5dca49f69fa5,0
