2025-11-27T04:31:01.0046921Z,Updating submodules.,e40a5f5d-71b9-4961-a596-9cd5c6a62f63,0
2025-11-27T04:31:02.1540570Z,Preparing deployment for commit id 'aca7385d-5'.,504a658c-749f-4ca3-9047-0aac98f27f11,0
2025-11-27T04:31:02.5444912Z,PreDeployment: context.CleanOutputPath False,fdabead9-e9a2-4dd9-9148-6d81fa2b7331,0
2025-11-27T04:31:02.6884391Z,PreDeployment: context.OutputPath /home/site/wwwroot,0c04120f-a7b6-4cf2-a461-72ddffd8c08a,0
2025-11-27T04:31:02.8567197Z,Running build. Project type: OneDeploy,81f6c693-ad66-42c6-9a5b-62da8e55f908,0
2025-11-27T04:31:02.9708908Z,Copying the manifest,832364ad-fd7d-49ba-a315-257f303f1f63,0
2025-11-27T04:31:03.1912656Z,Running deployment command...,ee536e37-4ae3-4153-bbb6-fa4c0f0f1a19,0
	2025-11-27T04:31:03.1999925Z,Command: /opt/Kudu/Scripts/parallel_rsync.sh /tmp/zipdeploy/extracted /home/site/wwwroot 8 /tmp/ False False  ,,0
	2025-11-27T04:31:03.3874305Z,Run rsync from: /tmp/zipdeploy/extracted/ to: /home/site/wwwroot/ in 8 parallel threads,,0
	2025-11-27T04:31:03.4133778Z,Delete options: clean=False&comma; use manifest=False&comma; directory to ignore=,,0
	2025-11-27T04:31:03.4324321Z,Prev manifest = /opt/Kudu/Scripts/firstDeploymentManifest and next /home/site/deployments/aca7385d-52c7-4690-a7b3-08d19eaa8814/manifest,,0
	2025-11-27T04:31:03.4530756Z,Cleaning up /tmp//filelist.txt and /tmp//splits,,0
	2025-11-27T04:31:03.4710535Z,Creating a list of all files at /tmp//filelist.txt,,0
	2025-11-27T04:31:03.5033737Z,No directory to exclude.,,0
	2025-11-27T04:31:03.6180587Z,Created /tmp//filelist.txt. Total number of files to be synced = 1268.,,0
	2025-11-27T04:31:03.6657461Z,Created batches from the list of files. Processing 159 files in each thread,,0
	2025-11-27T04:31:04.0140409Z,Running rsync for filelist /tmp//splits/split.ab from /tmp/zipdeploy/extracted/ to /home/site/wwwroot/,,0
	2025-11-27T04:31:04.2566343Z,Running rsync for filelist /tmp//splits/split.ac from /tmp/zipdeploy/extracted/ to /home/site/wwwroot/,,0
	2025-11-27T04:31:04.3418553Z,Running rsync for filelist /tmp//splits/split.ae from /tmp/zipdeploy/extracted/ to /home/site/wwwroot/,,0
	2025-11-27T04:31:04.3787690Z,Running rsync for filelist /tmp//splits/split.aa from /tmp/zipdeploy/extracted/ to /home/site/wwwroot/,,0
	2025-11-27T04:31:04.4371568Z,Running rsync for filelist /tmp//splits/split.ad from /tmp/zipdeploy/extracted/ to /home/site/wwwroot/,,0
	2025-11-27T04:31:04.5533727Z,Running rsync for filelist /tmp//splits/split.af from /tmp/zipdeploy/extracted/ to /home/site/wwwroot/,,0
	2025-11-27T04:31:04.6826548Z,Running rsync for filelist /tmp//splits/split.ah from /tmp/zipdeploy/extracted/ to /home/site/wwwroot/,,0
	2025-11-27T04:31:04.7480248Z,Running rsync for filelist /tmp//splits/split.ag from /tmp/zipdeploy/extracted/ to /home/site/wwwroot/,,0
	2025-11-27T04:31:34.5354917Z,,,0
	2025-11-27T04:31:34.6502806Z,Number of files: 168 (reg: 159&comma; dir: 9),,0
	2025-11-27T04:31:34.6867830Z,Number of created files: 164 (reg: 159&comma; dir: 5),,0
	2025-11-27T04:31:34.7146988Z,Number of deleted files: 0,,0
	2025-11-27T04:31:34.7738759Z,Number of regular files transferred: 159,,0
	2025-11-27T04:31:34.8613639Z,Total file size: 4.25M bytes,,0
	2025-11-27T04:31:34.9090192Z,Total transferred file size: 4.25M bytes,,0
	2025-11-27T04:31:34.9254851Z,Literal data: 4.25M bytes,,0
	2025-11-27T04:31:34.9433670Z,Matched data: 0 bytes,,0
	2025-11-27T04:31:34.9739379Z,File list size: 0,,0
	2025-11-27T04:31:35.0330232Z,File list generation time: 0.695 seconds,,0
	2025-11-27T04:31:35.0529551Z,File list transfer time: 0.000 seconds,,0
	2025-11-27T04:31:35.0813907Z,Total bytes sent: 685.48K,,0
	2025-11-27T04:31:35.1218144Z,Total bytes received: 3.06K,,0
	2025-11-27T04:31:35.1581407Z,,,0
	2025-11-27T04:31:35.1995156Z,sent 685.48K bytes  received 3.06K bytes  22.57K bytes/sec,,0
	2025-11-27T04:31:35.2471700Z,total size is 4.25M  speedup is 6.18,,0
	2025-11-27T04:31:35.2589250Z,Attempt 1: Rsync for filelist /tmp//splits/split.af completed with exit code 0,,0
	2025-11-27T04:31:35.3084118Z,,,0
	2025-11-27T04:31:35.3306121Z,Number of files: 163 (reg: 159&comma; dir: 4),,0
	2025-11-27T04:31:35.3463967Z,Number of created files: 161 (reg: 159&comma; dir: 2),,0
	2025-11-27T04:31:35.3771798Z,Number of deleted files: 0,,0
	2025-11-27T04:31:35.3956627Z,Number of regular files transferred: 159,,0
	2025-11-27T04:31:35.4072710Z,Total file size: 3.38M bytes,,0
	2025-11-27T04:31:35.4355629Z,Total transferred file size: 3.38M bytes,,0
	2025-11-27T04:31:35.4757136Z,Literal data: 3.38M bytes,,0
	2025-11-27T04:31:35.5246253Z,Matched data: 0 bytes,,0
	2025-11-27T04:31:35.5502469Z,File list size: 0,,0
	2025-11-27T04:31:35.6093687Z,File list generation time: 0.916 seconds,,0
	2025-11-27T04:31:35.6480183Z,File list transfer time: 0.000 seconds,,0
	2025-11-27T04:31:35.6643465Z,Total bytes sent: 409.73K,,0
	2025-11-27T04:31:35.7432642Z,Total bytes received: 3.05K,,0
	2025-11-27T04:31:35.7773148Z,,,0
	2025-11-27T04:31:35.8073103Z,sent 409.73K bytes  received 3.05K bytes  13.53K bytes/sec,,0
	2025-11-27T04:31:35.8505813Z,total size is 3.38M  speedup is 8.20,,0
	2025-11-27T04:31:35.8611344Z,Attempt 1: Rsync for filelist /tmp//splits/split.ae completed with exit code 0,,0
	2025-11-27T04:31:35.8972282Z,,,0
	2025-11-27T04:31:35.9064602Z,Number of files: 187 (reg: 159&comma; dir: 28),,0
	2025-11-27T04:31:35.9851775Z,Number of created files: 178 (reg: 159&comma; dir: 19),,0
	2025-11-27T04:31:35.9994179Z,Number of deleted files: 0,,0
	2025-11-27T04:31:36.0218482Z,Number of regular files transferred: 159,,0
	2025-11-27T04:31:36.0319313Z,Total file size: 10.70M bytes,,0
	2025-11-27T04:31:36.1505353Z,Total transferred file size: 10.70M bytes,,0
	2025-11-27T04:31:36.1753089Z,Literal data: 10.70M bytes,,0
	2025-11-27T04:31:36.2194020Z,Matched data: 0 bytes,,0
	2025-11-27T04:31:36.2458181Z,File list size: 0,,0
	2025-11-27T04:31:36.2844860Z,File list generation time: 0.638 seconds,,0
	2025-11-27T04:31:36.3284552Z,File list transfer time: 0.000 seconds,,0
	2025-11-27T04:31:36.3512579Z,Total bytes sent: 1.48M,,0
	2025-11-27T04:31:36.3701811Z,Total bytes received: 3.11K,,0
	2025-11-27T04:31:36.3795507Z,,,0
	2025-11-27T04:31:36.3877024Z,sent 1.48M bytes  received 3.11K bytes  48.68K bytes/sec,,0
	2025-11-27T04:31:36.4396995Z,total size is 10.70M  speedup is 7.20,,0
	2025-11-27T04:31:36.4841714Z,Attempt 1: Rsync for filelist /tmp//splits/split.ag completed with exit code 0,,0
	2025-11-27T04:31:36.4921846Z,,,0
	2025-11-27T04:31:36.5213281Z,Number of files: 167 (reg: 155&comma; dir: 12),,0
	2025-11-27T04:31:36.5370819Z,Number of created files: 164 (reg: 155&comma; dir: 9),,0
	2025-11-27T04:31:36.5785921Z,Number of deleted files: 0,,0
	2025-11-27T04:31:36.7372843Z,Number of regular files transferred: 155,,0
	2025-11-27T04:31:36.7969206Z,Total file size: 34.40M bytes,,0
	2025-11-27T04:31:36.8831099Z,Total transferred file size: 34.40M bytes,,0
	2025-11-27T04:31:36.9418506Z,Literal data: 34.40M bytes,,0
	2025-11-27T04:31:36.9882306Z,Matched data: 0 bytes,,0
	2025-11-27T04:31:37.0453884Z,File list size: 0,,0
	2025-11-27T04:31:37.1366299Z,File list generation time: 0.684 seconds,,0
	2025-11-27T04:31:37.3298372Z,File list transfer time: 0.000 seconds,,0
	2025-11-27T04:31:37.4223026Z,Total bytes sent: 7.31M,,0
	2025-11-27T04:31:37.4995153Z,Total bytes received: 2.99K,,0
	2025-11-27T04:31:37.5642562Z,,,0
	2025-11-27T04:31:37.5829341Z,sent 7.31M bytes  received 2.99K bytes  232.10K bytes/sec,,0
	2025-11-27T04:31:37.6151090Z,total size is 34.40M  speedup is 4.70,,0
	2025-11-27T04:31:37.6529320Z,Attempt 1: Rsync for filelist /tmp//splits/split.ah completed with exit code 0,,0
	2025-11-27T04:31:37.6814989Z,,,0
	2025-11-27T04:31:37.7013193Z,Number of files: 225 (reg: 159&comma; dir: 66),,0
	2025-11-27T04:31:37.7192271Z,Number of created files: 199 (reg: 159&comma; dir: 40),,0
	2025-11-27T04:31:37.7302733Z,Number of deleted files: 0,,0
	2025-11-27T04:31:37.7509333Z,Number of regular files transferred: 159,,0
	2025-11-27T04:31:37.8390915Z,Total file size: 1.26M bytes,,0
	2025-11-27T04:31:37.8582089Z,Total transferred file size: 1.26M bytes,,0
	2025-11-27T04:31:37.8684533Z,Literal data: 1.26M bytes,,0
	2025-11-27T04:31:37.8870113Z,Matched data: 0 bytes,,0
	2025-11-27T04:31:37.9029005Z,,,0
	2025-11-27T04:31:37.9099060Z,Number of files: 225 (reg: 159&comma; dir: 66),,0
	2025-11-27T04:31:37.9267915Z,Number of created files: 203 (reg: 159&comma; dir: 44),,0
	2025-11-27T04:31:37.9458587Z,Number of deleted files: 0,,0
	2025-11-27T04:31:37.9540713Z,Number of regular files transferred: 159,,0
	2025-11-27T04:31:37.9604599Z,Total file size: 309.29K bytes,,0
	2025-11-27T04:31:37.9672301Z,Total transferred file size: 309.29K bytes,,0
	2025-11-27T04:31:37.9740100Z,Literal data: 309.29K bytes,,0
	2025-11-27T04:31:37.9823485Z,Matched data: 0 bytes,,0
	2025-11-27T04:31:37.9889059Z,File list size: 0,,0
	2025-11-27T04:31:37.9956145Z,File list generation time: 0.704 seconds,,0
	2025-11-27T04:31:38.0018568Z,File list transfer time: 0.000 seconds,,0
	2025-11-27T04:31:38.0088849Z,Total bytes sent: 28.84K,,0
	2025-11-27T04:31:38.0347253Z,Total bytes received: 3.19K,,0
	2025-11-27T04:31:38.0427369Z,,,0
	2025-11-27T04:31:38.0497643Z,sent 28.84K bytes  received 3.19K bytes  985.69 bytes/sec,,0
	2025-11-27T04:31:38.0592621Z,total size is 309.29K  speedup is 9.65,,0
	2025-11-27T04:31:38.0824129Z,File list size: 0,,0
	2025-11-27T04:31:38.0995230Z,File list generation time: 0.693 seconds,,0
	2025-11-27T04:31:38.1062896Z,File list transfer time: 0.000 seconds,,0
	2025-11-27T04:31:38.1419978Z,Total bytes sent: 239.31K,,0
	2025-11-27T04:31:38.1997482Z,Total bytes received: 3.18K,,0
	2025-11-27T04:31:38.2352127Z,,,0
	2025-11-27T04:31:38.2590795Z,sent 239.31K bytes  received 3.18K bytes  7.46K bytes/sec,,0
	2025-11-27T04:31:38.2760703Z,total size is 1.26M  speedup is 5.20,,0
	2025-11-27T04:31:38.2840920Z,Attempt 1: Rsync for filelist /tmp//splits/split.aa completed with exit code 0,,0
	2025-11-27T04:31:38.2910615Z,Attempt 1: Rsync for filelist /tmp//splits/split.ac completed with exit code 0,,0
	2025-11-27T04:31:38.2977321Z,,,0
	2025-11-27T04:31:38.3065153Z,Number of files: 226 (reg: 159&comma; dir: 67),,0
	2025-11-27T04:31:38.3262417Z,Number of created files: 206 (reg: 159&comma; dir: 47),,0
	2025-11-27T04:31:38.3565359Z,Number of deleted files: 0,,0
	2025-11-27T04:31:38.3673039Z,Number of regular files transferred: 159,,0
	2025-11-27T04:31:38.3733026Z,Total file size: 300.25K bytes,,0
	2025-11-27T04:31:38.3857146Z,Total transferred file size: 300.25K bytes,,0
	2025-11-27T04:31:38.3936486Z,Literal data: 300.25K bytes,,0
	2025-11-27T04:31:38.4009268Z,Matched data: 0 bytes,,0
	2025-11-27T04:31:38.4197145Z,File list size: 0,,0
	2025-11-27T04:31:38.4360125Z,File list generation time: 0.571 seconds,,0
	2025-11-27T04:31:38.4423001Z,File list transfer time: 0.000 seconds,,0
	2025-11-27T04:31:38.4499342Z,Total bytes sent: 24.98K,,0
	2025-11-27T04:31:38.4576837Z,Total bytes received: 3.19K,,0
	2025-11-27T04:31:38.4669333Z,,,0
	2025-11-27T04:31:38.4732240Z,sent 24.98K bytes  received 3.19K bytes  866.68 bytes/sec,,0
	2025-11-27T04:31:38.4806055Z,total size is 300.25K  speedup is 10.66,,0
	2025-11-27T04:31:38.4875836Z,Attempt 1: Rsync for filelist /tmp//splits/split.ab completed with exit code 0,,0
	2025-11-27T04:31:38.4940624Z,,,0
	2025-11-27T04:31:38.5006166Z,Number of files: 214 (reg: 159&comma; dir: 55),,0
	2025-11-27T04:31:38.5185890Z,Number of created files: 194 (reg: 159&comma; dir: 35),,0
	2025-11-27T04:31:38.5464116Z,Number of deleted files: 0,,0
	2025-11-27T04:31:38.5537925Z,Number of regular files transferred: 159,,0
	2025-11-27T04:31:38.5599414Z,Total file size: 1.57M bytes,,0
	2025-11-27T04:31:38.5666784Z,Total transferred file size: 1.57M bytes,,0
	2025-11-27T04:31:38.5742739Z,Literal data: 1.57M bytes,,0
	2025-11-27T04:31:38.5815670Z,Matched data: 0 bytes,,0
	2025-11-27T04:31:38.5883298Z,File list size: 0,,0
	2025-11-27T04:31:38.5983481Z,File list generation time: 0.637 seconds,,0
	2025-11-27T04:31:38.6057527Z,File list transfer time: 0.000 seconds,,0
	2025-11-27T04:31:38.6175628Z,Total bytes sent: 292.59K,,0
	2025-11-27T04:31:38.6379285Z,Total bytes received: 3.16K,,0
	2025-11-27T04:31:38.6446679Z,,,0
	2025-11-27T04:31:38.6505243Z,sent 292.59K bytes  received 3.16K bytes  8.83K bytes/sec,,0
	2025-11-27T04:31:38.6577697Z,total size is 1.57M  speedup is 5.30,,0
	2025-11-27T04:31:38.6648919Z,Attempt 1: Rsync for filelist /tmp//splits/split.ad completed with exit code 0,,0
	2025-11-27T04:31:38.6719257Z,Completed successfully in 34 seconds,,0
2025-11-27T04:31:38.9334227Z,Build completed succesfully.,dd992aee-4fc4-41a3-a6bc-5abed623e2b2,0
2025-11-27T04:31:39.0912591Z,Running post deployment command(s)...,f9ba234f-0901-407d-ab31-5ee8a464c62c,0
2025-11-27T04:31:39.2395457Z,Triggering container recycle for OneDeploy by adding/updating restartTrigger.txt to the site root path,2f8b6774-561f-4208-8921-a2446605defa,0
2025-11-27T04:31:39.4379448Z,Deployment successful. deployer = OneDeploy deploymentPath = OneDeploy,3af617dd-acf3-4ca0-a3b7-3463719195e0,0
